# JRE version: OpenJDK Runtime Environment (11.0.10) (build 11.0.10+0-b96-7249189)
# Java VM: OpenJDK 64-Bit Server VM (11.0.10+0-b96-7249189, mixed mode, tiered, compressed oops, g1 gc, windows-amd64)
Heap:
 garbage-first heap   total 78848K, used 43964K [0x00000000c0c00000, 0x0000000100000000)
  region size 1024K, 1 young (1024K), 1 survivors (1024K)
 Metaspace       used 59575K, capacity 60145K, committed 60288K, reserved 1110016K
  class space    used 6735K, capacity 6960K, committed 7040K, reserved 1048576K
GC Heap History (20 events):
Event: 2.765 GC heap before
{Heap before GC invocations=3 (full 0):
 garbage-first heap   total 65536K, used 34138K [0x00000000c0c00000, 0x0000000100000000)
  region size 1024K, 30 young (30720K), 2 survivors (2048K)
 Metaspace       used 20811K, capacity 21054K, committed 21248K, reserved 1069056K
  class space    used 2197K, capacity 2280K, committed 2304K, reserved 1048576K
}
Event: 2.778 GC heap after
{Heap after GC invocations=4 (full 0):
 garbage-first heap   total 65536K, used 9076K [0x00000000c0c00000, 0x0000000100000000)
  region size 1024K, 5 young (5120K), 5 survivors (5120K)
 Metaspace       used 20811K, capacity 21054K, committed 21248K, reserved 1069056K
  class space    used 2197K, capacity 2280K, committed 2304K, reserved 1048576K
}
Event: 5.070 GC heap before
{Heap before GC invocations=5 (full 0):
 garbage-first heap   total 65536K, used 41844K [0x00000000c0c00000, 0x0000000100000000)
  region size 1024K, 34 young (34816K), 5 survivors (5120K)
 Metaspace       used 30001K, capacity 30410K, committed 30720K, reserved 1077248K
  class space    used 3569K, capacity 3731K, committed 3840K, reserved 1048576K
}
Event: 5.091 GC heap after
{Heap after GC invocations=6 (full 0):
 garbage-first heap   total 78848K, used 14747K [0x00000000c0c00000, 0x0000000100000000)
  region size 1024K, 3 young (3072K), 3 survivors (3072K)
 Metaspace       used 30001K, capacity 30410K, committed 30720K, reserved 1077248K
  class space    used 3569K, capacity 3731K, committed 3840K, reserved 1048576K
}
Event: 11.782 GC heap before
{Heap before GC invocations=6 (full 0):
 garbage-first heap   total 78848K, used 44443K [0x00000000c0c00000, 0x0000000100000000)
  region size 1024K, 31 young (31744K), 3 survivors (3072K)
 Metaspace       used 35031K, capacity 35456K, committed 35584K, reserved 1081344K
  class space    used 4331K, capacity 4538K, committed 4608K, reserved 1048576K
}
Event: 11.802 GC heap after
{Heap after GC invocations=7 (full 0):
 garbage-first heap   total 78848K, used 21073K [0x00000000c0c00000, 0x0000000100000000)
  region size 1024K, 5 young (5120K), 5 survivors (5120K)
 Metaspace       used 35031K, capacity 35456K, committed 35584K, reserved 1081344K
  class space    used 4331K, capacity 4538K, committed 4608K, reserved 1048576K
}
Event: 17.639 GC heap before
{Heap before GC invocations=8 (full 0):
 garbage-first heap   total 78848K, used 53841K [0x00000000c0c00000, 0x0000000100000000)
  region size 1024K, 37 young (37888K), 5 survivors (5120K)
 Metaspace       used 41338K, capacity 41771K, committed 42112K, reserved 1085440K
  class space    used 4944K, capacity 5125K, committed 5248K, reserved 1048576K
}
Event: 17.663 GC heap after
{Heap after GC invocations=9 (full 0):
 garbage-first heap   total 78848K, used 24771K [0x00000000c0c00000, 0x0000000100000000)
  region size 1024K, 4 young (4096K), 4 survivors (4096K)
 Metaspace       used 41338K, capacity 41771K, committed 42112K, reserved 1085440K
  class space    used 4944K, capacity 5125K, committed 5248K, reserved 1048576K
}
Event: 19.819 GC heap before
{Heap before GC invocations=9 (full 0):
 garbage-first heap   total 78848K, used 57539K [0x00000000c0c00000, 0x0000000100000000)
  region size 1024K, 35 young (35840K), 4 survivors (4096K)
 Metaspace       used 46275K, capacity 46816K, committed 46976K, reserved 1091584K
  class space    used 5472K, capacity 5675K, committed 5760K, reserved 1048576K
}
Event: 19.842 GC heap after
{Heap after GC invocations=10 (full 0):
 garbage-first heap   total 78848K, used 29516K [0x00000000c0c00000, 0x0000000100000000)
  region size 1024K, 5 young (5120K), 5 survivors (5120K)
 Metaspace       used 46275K, capacity 46816K, committed 46976K, reserved 1091584K
  class space    used 5472K, capacity 5675K, committed 5760K, reserved 1048576K
}
Event: 21.012 GC heap before
{Heap before GC invocations=10 (full 0):
 garbage-first heap   total 78848K, used 58188K [0x00000000c0c00000, 0x0000000100000000)
  region size 1024K, 33 young (33792K), 5 survivors (5120K)
 Metaspace       used 48445K, capacity 48946K, committed 49152K, reserved 1093632K
  class space    used 5680K, capacity 5873K, committed 5888K, reserved 1048576K
}
Event: 21.032 GC heap after
{Heap after GC invocations=11 (full 0):
 garbage-first heap   total 78848K, used 30887K [0x00000000c0c00000, 0x0000000100000000)
  region size 1024K, 3 young (3072K), 3 survivors (3072K)
 Metaspace       used 48445K, capacity 48946K, committed 49152K, reserved 1093632K
  class space    used 5680K, capacity 5873K, committed 5888K, reserved 1048576K
}
Event: 26.922 GC heap before
{Heap before GC invocations=11 (full 0):
 garbage-first heap   total 78848K, used 59559K [0x00000000c0c00000, 0x0000000100000000)
  region size 1024K, 31 young (31744K), 3 survivors (3072K)
 Metaspace       used 49777K, capacity 50323K, committed 50560K, reserved 1093632K
  class space    used 5718K, capacity 5905K, committed 6016K, reserved 1048576K
}
Event: 26.962 GC heap after
{Heap after GC invocations=12 (full 0):
 garbage-first heap   total 78848K, used 36512K [0x00000000c0c00000, 0x0000000100000000)
  region size 1024K, 4 young (4096K), 4 survivors (4096K)
 Metaspace       used 49777K, capacity 50323K, committed 50560K, reserved 1093632K
  class space    used 5718K, capacity 5905K, committed 6016K, reserved 1048576K
}
Event: 28.482 GC heap before
{Heap before GC invocations=12 (full 0):
 garbage-first heap   total 78848K, used 60064K [0x00000000c0c00000, 0x0000000100000000)
  region size 1024K, 27 young (27648K), 4 survivors (4096K)
 Metaspace       used 52486K, capacity 52982K, committed 53120K, reserved 1095680K
  class space    used 6024K, capacity 6215K, committed 6272K, reserved 1048576K
}
Event: 28.508 GC heap after
{Heap after GC invocations=13 (full 0):
 garbage-first heap   total 78848K, used 38897K [0x00000000c0c00000, 0x0000000100000000)
  region size 1024K, 2 young (2048K), 2 survivors (2048K)
 Metaspace       used 52486K, capacity 52982K, committed 53120K, reserved 1095680K
  class space    used 6024K, capacity 6215K, committed 6272K, reserved 1048576K
}
Event: 31.806 GC heap before
{Heap before GC invocations=13 (full 0):
 garbage-first heap   total 78848K, used 61425K [0x00000000c0c00000, 0x0000000100000000)
  region size 1024K, 24 young (24576K), 2 survivors (2048K)
 Metaspace       used 56770K, capacity 57326K, committed 57472K, reserved 1099776K
  class space    used 6491K, capacity 6703K, committed 6784K, reserved 1048576K
}
Event: 31.819 GC heap after
{Heap after GC invocations=14 (full 0):
 garbage-first heap   total 78848K, used 41181K [0x00000000c0c00000, 0x0000000100000000)
  region size 1024K, 3 young (3072K), 3 survivors (3072K)
 Metaspace       used 56770K, capacity 57326K, committed 57472K, reserved 1099776K
  class space    used 6491K, capacity 6703K, committed 6784K, reserved 1048576K
}
Event: 38.344 GC heap before
{Heap before GC invocations=15 (full 0):
 garbage-first heap   total 78848K, used 62685K [0x00000000c0c00000, 0x0000000100000000)
  region size 1024K, 24 young (24576K), 3 survivors (3072K)
 Metaspace       used 59313K, capacity 59921K, committed 60288K, reserved 1101824K
  class space    used 6703K, capacity 6928K, committed 7040K, reserved 1048576K
}
Event: 38.365 GC heap after
{Heap after GC invocations=16 (full 0):
 garbage-first heap   total 78848K, used 43231K [0x00000000c0c00000, 0x0000000100000000)
  region size 1024K, 2 young (2048K), 2 survivors (2048K)
 Metaspace       used 59313K, capacity 59921K, committed 60288K, reserved 1101824K
  class space    used 6703K, capacity 6928K, committed 7040K, reserved 1048576K
}

