# JRE version: OpenJDK Runtime Environment (11.0.10) (build 11.0.10+0-b96-7249189)
# Java VM: OpenJDK 64-Bit Server VM (11.0.10+0-b96-7249189, mixed mode, tiered, compressed oops, g1 gc, windows-amd64)
Heap:
 garbage-first heap   total 114688K, used 51338K [0x00000000c0c00000, 0x0000000100000000)
  region size 1024K, 10 young (10240K), 4 survivors (4096K)
 Metaspace       used 59377K, capacity 59953K, committed 60248K, reserved 1101824K
  class space    used 6711K, capacity 6960K, committed 7000K, reserved 1048576K
GC Heap History (20 events):
Event: 6.299 GC heap before
{Heap before GC invocations=6 (full 0):
 garbage-first heap   total 78848K, used 44054K [0x00000000c0c00000, 0x0000000100000000)
  region size 1024K, 30 young (30720K), 3 survivors (3072K)
 Metaspace       used 32952K, capacity 33428K, committed 33536K, reserved 1079296K
  class space    used 4117K, capacity 4310K, committed 4352K, reserved 1048576K
}
Event: 6.316 GC heap after
{Heap after GC invocations=7 (full 0):
 garbage-first heap   total 78848K, used 20091K [0x00000000c0c00000, 0x0000000100000000)
  region size 1024K, 4 young (4096K), 4 survivors (4096K)
 Metaspace       used 32952K, capacity 33428K, committed 33536K, reserved 1079296K
  class space    used 4117K, capacity 4310K, committed 4352K, reserved 1048576K
}
Event: 6.714 GC heap before
{Heap before GC invocations=7 (full 0):
 garbage-first heap   total 78848K, used 29307K [0x00000000c0c00000, 0x0000000100000000)
  region size 1024K, 14 young (14336K), 4 survivors (4096K)
 Metaspace       used 35019K, capacity 35456K, committed 35584K, reserved 1081344K
  class space    used 4334K, capacity 4538K, committed 4608K, reserved 1048576K
}
Event: 6.730 GC heap after
{Heap after GC invocations=8 (full 0):
 garbage-first heap   total 78848K, used 21521K [0x00000000c0c00000, 0x0000000100000000)
  region size 1024K, 2 young (2048K), 2 survivors (2048K)
 Metaspace       used 35019K, capacity 35456K, committed 35584K, reserved 1081344K
  class space    used 4334K, capacity 4538K, committed 4608K, reserved 1048576K
}
Event: 7.569 GC heap before
{Heap before GC invocations=9 (full 0):
 garbage-first heap   total 78848K, used 43025K [0x00000000c0c00000, 0x0000000100000000)
  region size 1024K, 24 young (24576K), 2 survivors (2048K)
 Metaspace       used 39301K, capacity 39806K, committed 40064K, reserved 1085440K
  class space    used 4722K, capacity 4897K, committed 4992K, reserved 1048576K
}
Event: 7.578 GC heap after
{Heap after GC invocations=10 (full 0):
 garbage-first heap   total 78848K, used 23887K [0x00000000c0c00000, 0x0000000100000000)
  region size 1024K, 3 young (3072K), 3 survivors (3072K)
 Metaspace       used 39301K, capacity 39806K, committed 40064K, reserved 1085440K
  class space    used 4722K, capacity 4897K, committed 4992K, reserved 1048576K
}
Event: 8.958 GC heap before
{Heap before GC invocations=10 (full 0):
 garbage-first heap   total 78848K, used 46415K [0x00000000c0c00000, 0x0000000100000000)
  region size 1024K, 26 young (26624K), 3 survivors (3072K)
 Metaspace       used 45020K, capacity 45523K, committed 45568K, reserved 1089536K
  class space    used 5401K, capacity 5609K, committed 5632K, reserved 1048576K
}
Event: 8.972 GC heap after
{Heap after GC invocations=11 (full 0):
 garbage-first heap   total 78848K, used 25798K [0x00000000c0c00000, 0x0000000100000000)
  region size 1024K, 2 young (2048K), 2 survivors (2048K)
 Metaspace       used 45020K, capacity 45523K, committed 45568K, reserved 1089536K
  class space    used 5401K, capacity 5609K, committed 5632K, reserved 1048576K
}
Event: 9.980 GC heap before
{Heap before GC invocations=11 (full 0):
 garbage-first heap   total 78848K, used 50374K [0x00000000c0c00000, 0x0000000100000000)
  region size 1024K, 25 young (25600K), 2 survivors (2048K)
 Metaspace       used 46240K, capacity 46752K, committed 46976K, reserved 1091584K
  class space    used 5472K, capacity 5675K, committed 5760K, reserved 1048576K
}
Event: 10.001 GC heap after
{Heap after GC invocations=12 (full 0):
 garbage-first heap   total 95232K, used 31744K [0x00000000c0c00000, 0x0000000100000000)
  region size 1024K, 4 young (4096K), 4 survivors (4096K)
 Metaspace       used 46240K, capacity 46752K, committed 46976K, reserved 1091584K
  class space    used 5472K, capacity 5675K, committed 5760K, reserved 1048576K
}
Event: 11.693 GC heap before
{Heap before GC invocations=12 (full 0):
 garbage-first heap   total 95232K, used 59392K [0x00000000c0c00000, 0x0000000100000000)
  region size 1024K, 31 young (31744K), 4 survivors (4096K)
 Metaspace       used 49138K, capacity 49618K, committed 50048K, reserved 1093632K
  class space    used 5699K, capacity 5905K, committed 6016K, reserved 1048576K
}
Event: 11.718 GC heap after
{Heap after GC invocations=13 (full 0):
 garbage-first heap   total 95232K, used 35455K [0x00000000c0c00000, 0x0000000100000000)
  region size 1024K, 4 young (4096K), 4 survivors (4096K)
 Metaspace       used 49138K, capacity 49618K, committed 50048K, reserved 1093632K
  class space    used 5699K, capacity 5905K, committed 6016K, reserved 1048576K
}
Event: 13.542 GC heap before
{Heap before GC invocations=13 (full 0):
 garbage-first heap   total 95232K, used 62079K [0x00000000c0c00000, 0x0000000100000000)
  region size 1024K, 30 young (30720K), 4 survivors (4096K)
 Metaspace       used 50002K, capacity 50560K, committed 50816K, reserved 1093632K
  class space    used 5736K, capacity 5941K, committed 6016K, reserved 1048576K
}
Event: 13.571 GC heap after
{Heap after GC invocations=14 (full 0):
 garbage-first heap   total 95232K, used 40316K [0x00000000c0c00000, 0x0000000100000000)
  region size 1024K, 4 young (4096K), 4 survivors (4096K)
 Metaspace       used 50002K, capacity 50560K, committed 50816K, reserved 1093632K
  class space    used 5736K, capacity 5941K, committed 6016K, reserved 1048576K
}
Event: 14.506 GC heap before
{Heap before GC invocations=14 (full 0):
 garbage-first heap   total 95232K, used 64892K [0x00000000c0c00000, 0x0000000100000000)
  region size 1024K, 29 young (29696K), 4 survivors (4096K)
 Metaspace       used 53274K, capacity 53851K, committed 54016K, reserved 1097728K
  class space    used 6108K, capacity 6313K, committed 6400K, reserved 1048576K
}
Event: 14.525 GC heap after
{Heap after GC invocations=15 (full 0):
 garbage-first heap   total 95232K, used 42488K [0x00000000c0c00000, 0x0000000100000000)
  region size 1024K, 2 young (2048K), 2 survivors (2048K)
 Metaspace       used 53274K, capacity 53851K, committed 54016K, reserved 1097728K
  class space    used 6108K, capacity 6313K, committed 6400K, reserved 1048576K
}
Event: 16.282 GC heap before
{Heap before GC invocations=15 (full 0):
 garbage-first heap   total 95232K, used 67064K [0x00000000c0c00000, 0x0000000100000000)
  region size 1024K, 27 young (27648K), 2 survivors (2048K)
 Metaspace       used 57966K, capacity 58513K, committed 58880K, reserved 1101824K
  class space    used 6604K, capacity 6800K, committed 6912K, reserved 1048576K
}
Event: 16.304 GC heap after
{Heap after GC invocations=16 (full 0):
 garbage-first heap   total 114688K, used 45056K [0x00000000c0c00000, 0x0000000100000000)
  region size 1024K, 4 young (4096K), 4 survivors (4096K)
 Metaspace       used 57966K, capacity 58513K, committed 58880K, reserved 1101824K
  class space    used 6604K, capacity 6800K, committed 6912K, reserved 1048576K
}
Event: 16.871 GC heap before
{Heap before GC invocations=16 (full 0):
 garbage-first heap   total 114688K, used 55296K [0x00000000c0c00000, 0x0000000100000000)
  region size 1024K, 15 young (15360K), 4 survivors (4096K)
 Metaspace       used 59065K, capacity 59601K, committed 59736K, reserved 1101824K
  class space    used 6686K, capacity 6928K, committed 7000K, reserved 1048576K
}
Event: 16.892 GC heap after
{Heap after GC invocations=17 (full 0):
 garbage-first heap   total 114688K, used 46218K [0x00000000c0c00000, 0x0000000100000000)
  region size 1024K, 4 young (4096K), 4 survivors (4096K)
 Metaspace       used 59065K, capacity 59601K, committed 59736K, reserved 1101824K
  class space    used 6686K, capacity 6928K, committed 7000K, reserved 1048576K
}

